<?xml version="1.0" encoding="UTF-8"?>
<testsuite name="com.oliver.book.springbootsample.domain.posts.PostRepositoryTest" tests="1" skipped="0" failures="0" errors="0" timestamp="2022-03-03T03:18:55" hostname="iyeonghan-ui-MacBookPro.local" time="0.453">
  <properties/>
  <testcase name="BaseTimeEntity_등록" classname="com.oliver.book.springbootsample.domain.posts.PostRepositoryTest" time="0.453"/>
  <system-out><![CDATA[12:18:51.548 [Test worker] DEBUG org.springframework.test.context.junit4.SpringJUnit4ClassRunner - SpringJUnit4ClassRunner constructor called with [class com.oliver.book.springbootsample.domain.posts.PostRepositoryTest]
12:18:51.560 [Test worker] DEBUG org.springframework.test.context.BootstrapUtils - Instantiating CacheAwareContextLoaderDelegate from class [org.springframework.test.context.cache.DefaultCacheAwareContextLoaderDelegate]
12:18:51.572 [Test worker] DEBUG org.springframework.test.context.BootstrapUtils - Instantiating BootstrapContext using constructor [public org.springframework.test.context.support.DefaultBootstrapContext(java.lang.Class,org.springframework.test.context.CacheAwareContextLoaderDelegate)]
12:18:51.614 [Test worker] DEBUG org.springframework.test.context.BootstrapUtils - Instantiating TestContextBootstrapper for test class [com.oliver.book.springbootsample.domain.posts.PostRepositoryTest] from class [org.springframework.boot.test.context.SpringBootTestContextBootstrapper]
12:18:51.627 [Test worker] INFO org.springframework.boot.test.context.SpringBootTestContextBootstrapper - Neither @ContextConfiguration nor @ContextHierarchy found for test class [com.oliver.book.springbootsample.domain.posts.PostRepositoryTest], using SpringBootContextLoader
12:18:51.633 [Test worker] DEBUG org.springframework.test.context.support.AbstractContextLoader - Did not detect default resource location for test class [com.oliver.book.springbootsample.domain.posts.PostRepositoryTest]: class path resource [com/oliver/book/springbootsample/domain/posts/PostRepositoryTest-context.xml] does not exist
12:18:51.634 [Test worker] DEBUG org.springframework.test.context.support.AbstractContextLoader - Did not detect default resource location for test class [com.oliver.book.springbootsample.domain.posts.PostRepositoryTest]: class path resource [com/oliver/book/springbootsample/domain/posts/PostRepositoryTestContext.groovy] does not exist
12:18:51.634 [Test worker] INFO org.springframework.test.context.support.AbstractContextLoader - Could not detect default resource locations for test class [com.oliver.book.springbootsample.domain.posts.PostRepositoryTest]: no resource found for suffixes {-context.xml, Context.groovy}.
12:18:51.636 [Test worker] INFO org.springframework.test.context.support.AnnotationConfigContextLoaderUtils - Could not detect default configuration classes for test class [com.oliver.book.springbootsample.domain.posts.PostRepositoryTest]: PostRepositoryTest does not declare any static, non-private, non-final, nested classes annotated with @Configuration.
12:18:51.707 [Test worker] DEBUG org.springframework.test.context.support.ActiveProfilesUtils - Could not find an 'annotation declaring class' for annotation type [org.springframework.test.context.ActiveProfiles] and class [com.oliver.book.springbootsample.domain.posts.PostRepositoryTest]
12:18:51.779 [Test worker] DEBUG org.springframework.context.annotation.ClassPathScanningCandidateComponentProvider - Identified candidate component class: file [/Users/iyeonghan/Downloads/개인/AWS-Study/springBoot_AWS_WebService/springBootSample/build/classes/java/main/com/oliver/book/springbootsample/Application.class]
12:18:51.781 [Test worker] INFO org.springframework.boot.test.context.SpringBootTestContextBootstrapper - Found @SpringBootConfiguration com.oliver.book.springbootsample.Application for test class com.oliver.book.springbootsample.domain.posts.PostRepositoryTest
12:18:51.873 [Test worker] DEBUG org.springframework.boot.test.context.SpringBootTestContextBootstrapper - @TestExecutionListeners is not present for class [com.oliver.book.springbootsample.domain.posts.PostRepositoryTest]: using defaults.
12:18:51.874 [Test worker] INFO org.springframework.boot.test.context.SpringBootTestContextBootstrapper - Loaded default TestExecutionListener class names from location [META-INF/spring.factories]: [org.springframework.boot.test.autoconfigure.restdocs.RestDocsTestExecutionListener, org.springframework.boot.test.autoconfigure.web.client.MockRestServiceServerResetTestExecutionListener, org.springframework.boot.test.autoconfigure.web.servlet.MockMvcPrintOnlyOnFailureTestExecutionListener, org.springframework.boot.test.autoconfigure.web.servlet.WebDriverTestExecutionListener, org.springframework.boot.test.autoconfigure.webservices.client.MockWebServiceServerTestExecutionListener, org.springframework.boot.test.mock.mockito.MockitoTestExecutionListener, org.springframework.boot.test.mock.mockito.ResetMocksTestExecutionListener, org.springframework.test.context.web.ServletTestExecutionListener, org.springframework.test.context.support.DirtiesContextBeforeModesTestExecutionListener, org.springframework.test.context.event.ApplicationEventsTestExecutionListener, org.springframework.test.context.support.DependencyInjectionTestExecutionListener, org.springframework.test.context.support.DirtiesContextTestExecutionListener, org.springframework.test.context.transaction.TransactionalTestExecutionListener, org.springframework.test.context.jdbc.SqlScriptsTestExecutionListener, org.springframework.test.context.event.EventPublishingTestExecutionListener]
12:18:51.896 [Test worker] INFO org.springframework.boot.test.context.SpringBootTestContextBootstrapper - Using TestExecutionListeners: [org.springframework.test.context.web.ServletTestExecutionListener@76be0496, org.springframework.test.context.support.DirtiesContextBeforeModesTestExecutionListener@8ceea8c, org.springframework.test.context.event.ApplicationEventsTestExecutionListener@4a02bc5d, org.springframework.boot.test.mock.mockito.MockitoTestExecutionListener@77531d6b, org.springframework.boot.test.autoconfigure.SpringBootDependencyInjectionTestExecutionListener@714f2da3, org.springframework.test.context.support.DirtiesContextTestExecutionListener@eaa338c, org.springframework.test.context.transaction.TransactionalTestExecutionListener@51158650, org.springframework.test.context.jdbc.SqlScriptsTestExecutionListener@3ec2715c, org.springframework.test.context.event.EventPublishingTestExecutionListener@36e86112, org.springframework.boot.test.autoconfigure.restdocs.RestDocsTestExecutionListener@69810210, org.springframework.boot.test.autoconfigure.web.client.MockRestServiceServerResetTestExecutionListener@145b2e76, org.springframework.boot.test.autoconfigure.web.servlet.MockMvcPrintOnlyOnFailureTestExecutionListener@393ee530, org.springframework.boot.test.autoconfigure.web.servlet.WebDriverTestExecutionListener@4cabe3f4, org.springframework.boot.test.autoconfigure.webservices.client.MockWebServiceServerTestExecutionListener@2d5be9f3, org.springframework.boot.test.mock.mockito.ResetMocksTestExecutionListener@603e4ab0]
12:18:51.898 [Test worker] DEBUG org.springframework.test.annotation.ProfileValueUtils - Retrieved @ProfileValueSourceConfiguration [null] for test class [com.oliver.book.springbootsample.domain.posts.PostRepositoryTest]
12:18:51.899 [Test worker] DEBUG org.springframework.test.annotation.ProfileValueUtils - Retrieved ProfileValueSource type [class org.springframework.test.annotation.SystemProfileValueSource] for class [com.oliver.book.springbootsample.domain.posts.PostRepositoryTest]
12:18:51.902 [Test worker] DEBUG org.springframework.test.annotation.ProfileValueUtils - Retrieved @ProfileValueSourceConfiguration [null] for test class [com.oliver.book.springbootsample.domain.posts.PostRepositoryTest]
12:18:51.902 [Test worker] DEBUG org.springframework.test.annotation.ProfileValueUtils - Retrieved ProfileValueSource type [class org.springframework.test.annotation.SystemProfileValueSource] for class [com.oliver.book.springbootsample.domain.posts.PostRepositoryTest]
12:18:51.905 [Test worker] DEBUG org.springframework.test.annotation.ProfileValueUtils - Retrieved @ProfileValueSourceConfiguration [null] for test class [com.oliver.book.springbootsample.domain.posts.PostRepositoryTest]
12:18:51.905 [Test worker] DEBUG org.springframework.test.annotation.ProfileValueUtils - Retrieved ProfileValueSource type [class org.springframework.test.annotation.SystemProfileValueSource] for class [com.oliver.book.springbootsample.domain.posts.PostRepositoryTest]
12:18:51.909 [Test worker] DEBUG org.springframework.test.annotation.ProfileValueUtils - Retrieved @ProfileValueSourceConfiguration [null] for test class [com.oliver.book.springbootsample.domain.posts.PostRepositoryTest]
12:18:51.909 [Test worker] DEBUG org.springframework.test.annotation.ProfileValueUtils - Retrieved ProfileValueSource type [class org.springframework.test.annotation.SystemProfileValueSource] for class [com.oliver.book.springbootsample.domain.posts.PostRepositoryTest]
12:18:51.915 [Test worker] DEBUG org.springframework.test.annotation.ProfileValueUtils - Retrieved @ProfileValueSourceConfiguration [null] for test class [com.oliver.book.springbootsample.domain.posts.PostRepositoryTest]
12:18:51.915 [Test worker] DEBUG org.springframework.test.annotation.ProfileValueUtils - Retrieved ProfileValueSource type [class org.springframework.test.annotation.SystemProfileValueSource] for class [com.oliver.book.springbootsample.domain.posts.PostRepositoryTest]
12:18:51.922 [Test worker] DEBUG org.springframework.test.context.support.AbstractDirtiesContextTestExecutionListener - Before test class: context [DefaultTestContext@1d36cebf testClass = PostRepositoryTest, testInstance = [null], testMethod = [null], testException = [null], mergedContextConfiguration = [WebMergedContextConfiguration@1ab751d1 testClass = PostRepositoryTest, locations = '{}', classes = '{class com.oliver.book.springbootsample.Application}', contextInitializerClasses = '[]', activeProfiles = '{}', propertySourceLocations = '{}', propertySourceProperties = '{org.springframework.boot.test.context.SpringBootTestContextBootstrapper=true}', contextCustomizers = set[org.springframework.boot.test.autoconfigure.actuate.metrics.MetricsExportContextCustomizerFactory$DisableMetricExportContextCustomizer@b3ead32, org.springframework.boot.test.autoconfigure.properties.PropertyMappingContextCustomizer@0, org.springframework.boot.test.autoconfigure.web.servlet.WebDriverContextCustomizerFactory$Customizer@1523ba53, org.springframework.boot.test.context.filter.ExcludeFilterContextCustomizer@157e83ea, org.springframework.boot.test.json.DuplicateJsonObjectContextCustomizerFactory$DuplicateJsonObjectContextCustomizer@4b619122, org.springframework.boot.test.mock.mockito.MockitoContextCustomizer@0, org.springframework.boot.test.web.client.TestRestTemplateContextCustomizer@22e0068, org.springframework.boot.test.context.SpringBootTestArgs@1, org.springframework.boot.test.context.SpringBootTestWebEnvironment@520e8d3c], resourceBasePath = 'src/main/webapp', contextLoader = 'org.springframework.boot.test.context.SpringBootContextLoader', parent = [null]], attributes = map['org.springframework.test.context.web.ServletTestExecutionListener.activateListener' -> true]], class annotated with @DirtiesContext [false] with mode [null].
12:18:51.925 [Test worker] DEBUG org.springframework.test.annotation.ProfileValueUtils - Retrieved @ProfileValueSourceConfiguration [null] for test class [com.oliver.book.springbootsample.domain.posts.PostRepositoryTest]
12:18:51.925 [Test worker] DEBUG org.springframework.test.annotation.ProfileValueUtils - Retrieved ProfileValueSource type [class org.springframework.test.annotation.SystemProfileValueSource] for class [com.oliver.book.springbootsample.domain.posts.PostRepositoryTest]

  .   ____          _            __ _ _
 /\\ / ___'_ __ _ _(_)_ __  __ _ \ \ \ \
( ( )\___ | '_ | '_| | '_ \/ _` | \ \ \ \
 \\/  ___)| |_)| | | | | || (_| |  ) ) ) )
  '  |____| .__|_| |_|_| |_\__, | / / / /
 =========|_|==============|___/=/_/_/_/
 :: Spring Boot ::                (v2.6.3)

2022-03-03 12:18:52.399  INFO 3992 --- [    Test worker] c.o.b.s.domain.posts.PostRepositoryTest  : Starting PostRepositoryTest using Java 15.0.1 on iyeonghan-ui-MacBookPro.local with PID 3992 (started by iyeonghan in /Users/iyeonghan/Downloads/개인/AWS-Study/springBoot_AWS_WebService/springBootSample)
2022-03-03 12:18:52.400  INFO 3992 --- [    Test worker] c.o.b.s.domain.posts.PostRepositoryTest  : No active profile set, falling back to default profiles: default
2022-03-03 12:18:53.205  INFO 3992 --- [    Test worker] .s.d.r.c.RepositoryConfigurationDelegate : Bootstrapping Spring Data JPA repositories in DEFAULT mode.
2022-03-03 12:18:53.257  INFO 3992 --- [    Test worker] .s.d.r.c.RepositoryConfigurationDelegate : Finished Spring Data repository scanning in 41 ms. Found 1 JPA repository interfaces.
2022-03-03 12:18:53.746  INFO 3992 --- [    Test worker] com.zaxxer.hikari.HikariDataSource       : HikariPool-1 - Starting...
2022-03-03 12:18:53.940  INFO 3992 --- [    Test worker] com.zaxxer.hikari.HikariDataSource       : HikariPool-1 - Start completed.
2022-03-03 12:18:54.012  INFO 3992 --- [    Test worker] o.hibernate.jpa.internal.util.LogHelper  : HHH000204: Processing PersistenceUnitInfo [name: default]
2022-03-03 12:18:54.072  INFO 3992 --- [    Test worker] org.hibernate.Version                    : HHH000412: Hibernate ORM core version 5.6.4.Final
2022-03-03 12:18:54.264  INFO 3992 --- [    Test worker] o.hibernate.annotations.common.Version   : HCANN000001: Hibernate Commons Annotations {5.1.2.Final}
2022-03-03 12:18:54.376  INFO 3992 --- [    Test worker] org.hibernate.dialect.Dialect            : HHH000400: Using dialect: org.hibernate.dialect.MySQL57Dialect
Hibernate: drop table if exists posts
Hibernate: create table posts (id bigint not null auto_increment, created_date datetime(6), modified_date datetime(6), author varchar(255), content varchar(500) not null, title TEXT not null, primary key (id)) engine=InnoDB
2022-03-03 12:18:54.942  INFO 3992 --- [    Test worker] o.h.e.t.j.p.i.JtaPlatformInitiator       : HHH000490: Using JtaPlatform implementation: [org.hibernate.engine.transaction.jta.platform.internal.NoJtaPlatform]
2022-03-03 12:18:54.950  INFO 3992 --- [    Test worker] j.LocalContainerEntityManagerFactoryBean : Initialized JPA EntityManagerFactory for persistence unit 'default'
2022-03-03 12:18:55.420  WARN 3992 --- [    Test worker] JpaBaseConfiguration$JpaWebConfiguration : spring.jpa.open-in-view is enabled by default. Therefore, database queries may be performed during view rendering. Explicitly configure spring.jpa.open-in-view to disable this warning
2022-03-03 12:18:55.654  INFO 3992 --- [    Test worker] o.s.b.a.h2.H2ConsoleAutoConfiguration    : H2 console available at '/h2-console'. Database available at 'jdbc:h2:mem://localhost/~/tes  tdb'
2022-03-03 12:18:55.895  INFO 3992 --- [    Test worker] c.o.b.s.domain.posts.PostRepositoryTest  : Started PostRepositoryTest in 3.936 seconds (JVM running for 4.917)
Hibernate: insert into posts (created_date, modified_date, author, content, title) values (?, ?, ?, ?, ?)
Hibernate: select posts0_.id as id1_0_, posts0_.created_date as created_2_0_, posts0_.modified_date as modified3_0_, posts0_.author as author4_0_, posts0_.content as content5_0_, posts0_.title as title6_0_ from posts posts0_
>>>>>>>>> createdDate=2022-03-03T12:18:56.116585, modifiedDate=2022-03-03T12:18:56.116585
Hibernate: select posts0_.id as id1_0_, posts0_.created_date as created_2_0_, posts0_.modified_date as modified3_0_, posts0_.author as author4_0_, posts0_.content as content5_0_, posts0_.title as title6_0_ from posts posts0_
Hibernate: delete from posts where id=?
]]></system-out>
  <system-err><![CDATA[]]></system-err>
</testsuite>
