<?xml version="1.0" encoding="UTF-8"?>
<testsuite name="com.oliver.book.springbootsample.domain.posts.PostRepositoryTest" tests="1" skipped="0" failures="0" errors="0" timestamp="2022-02-21T09:04:53" hostname="iyeonghan-ui-MacBookPro.local" time="0.416">
  <properties/>
  <testcase name="게시글저장_불러오기" classname="com.oliver.book.springbootsample.domain.posts.PostRepositoryTest" time="0.416"/>
  <system-out><![CDATA[18:04:49.526 [Test worker] DEBUG org.springframework.test.context.junit4.SpringJUnit4ClassRunner - SpringJUnit4ClassRunner constructor called with [class com.oliver.book.springbootsample.domain.posts.PostRepositoryTest]
18:04:49.536 [Test worker] DEBUG org.springframework.test.context.BootstrapUtils - Instantiating CacheAwareContextLoaderDelegate from class [org.springframework.test.context.cache.DefaultCacheAwareContextLoaderDelegate]
18:04:49.543 [Test worker] DEBUG org.springframework.test.context.BootstrapUtils - Instantiating BootstrapContext using constructor [public org.springframework.test.context.support.DefaultBootstrapContext(java.lang.Class,org.springframework.test.context.CacheAwareContextLoaderDelegate)]
18:04:49.587 [Test worker] DEBUG org.springframework.test.context.BootstrapUtils - Instantiating TestContextBootstrapper for test class [com.oliver.book.springbootsample.domain.posts.PostRepositoryTest] from class [org.springframework.boot.test.context.SpringBootTestContextBootstrapper]
18:04:49.600 [Test worker] INFO org.springframework.boot.test.context.SpringBootTestContextBootstrapper - Neither @ContextConfiguration nor @ContextHierarchy found for test class [com.oliver.book.springbootsample.domain.posts.PostRepositoryTest], using SpringBootContextLoader
18:04:49.604 [Test worker] DEBUG org.springframework.test.context.support.AbstractContextLoader - Did not detect default resource location for test class [com.oliver.book.springbootsample.domain.posts.PostRepositoryTest]: class path resource [com/oliver/book/springbootsample/domain/posts/PostRepositoryTest-context.xml] does not exist
18:04:49.605 [Test worker] DEBUG org.springframework.test.context.support.AbstractContextLoader - Did not detect default resource location for test class [com.oliver.book.springbootsample.domain.posts.PostRepositoryTest]: class path resource [com/oliver/book/springbootsample/domain/posts/PostRepositoryTestContext.groovy] does not exist
18:04:49.605 [Test worker] INFO org.springframework.test.context.support.AbstractContextLoader - Could not detect default resource locations for test class [com.oliver.book.springbootsample.domain.posts.PostRepositoryTest]: no resource found for suffixes {-context.xml, Context.groovy}.
18:04:49.606 [Test worker] INFO org.springframework.test.context.support.AnnotationConfigContextLoaderUtils - Could not detect default configuration classes for test class [com.oliver.book.springbootsample.domain.posts.PostRepositoryTest]: PostRepositoryTest does not declare any static, non-private, non-final, nested classes annotated with @Configuration.
18:04:49.660 [Test worker] DEBUG org.springframework.test.context.support.ActiveProfilesUtils - Could not find an 'annotation declaring class' for annotation type [org.springframework.test.context.ActiveProfiles] and class [com.oliver.book.springbootsample.domain.posts.PostRepositoryTest]
18:04:49.728 [Test worker] DEBUG org.springframework.context.annotation.ClassPathScanningCandidateComponentProvider - Identified candidate component class: file [/Users/iyeonghan/Downloads/개인/AWS-Study/springBoot_AWS_WebService/springBootSample/build/classes/java/main/com/oliver/book/springbootsample/Application.class]
18:04:49.729 [Test worker] INFO org.springframework.boot.test.context.SpringBootTestContextBootstrapper - Found @SpringBootConfiguration com.oliver.book.springbootsample.Application for test class com.oliver.book.springbootsample.domain.posts.PostRepositoryTest
18:04:49.874 [Test worker] DEBUG org.springframework.boot.test.context.SpringBootTestContextBootstrapper - @TestExecutionListeners is not present for class [com.oliver.book.springbootsample.domain.posts.PostRepositoryTest]: using defaults.
18:04:49.874 [Test worker] INFO org.springframework.boot.test.context.SpringBootTestContextBootstrapper - Loaded default TestExecutionListener class names from location [META-INF/spring.factories]: [org.springframework.boot.test.autoconfigure.restdocs.RestDocsTestExecutionListener, org.springframework.boot.test.autoconfigure.web.client.MockRestServiceServerResetTestExecutionListener, org.springframework.boot.test.autoconfigure.web.servlet.MockMvcPrintOnlyOnFailureTestExecutionListener, org.springframework.boot.test.autoconfigure.web.servlet.WebDriverTestExecutionListener, org.springframework.boot.test.autoconfigure.webservices.client.MockWebServiceServerTestExecutionListener, org.springframework.boot.test.mock.mockito.MockitoTestExecutionListener, org.springframework.boot.test.mock.mockito.ResetMocksTestExecutionListener, org.springframework.test.context.web.ServletTestExecutionListener, org.springframework.test.context.support.DirtiesContextBeforeModesTestExecutionListener, org.springframework.test.context.event.ApplicationEventsTestExecutionListener, org.springframework.test.context.support.DependencyInjectionTestExecutionListener, org.springframework.test.context.support.DirtiesContextTestExecutionListener, org.springframework.test.context.transaction.TransactionalTestExecutionListener, org.springframework.test.context.jdbc.SqlScriptsTestExecutionListener, org.springframework.test.context.event.EventPublishingTestExecutionListener]
18:04:49.905 [Test worker] INFO org.springframework.boot.test.context.SpringBootTestContextBootstrapper - Using TestExecutionListeners: [org.springframework.test.context.web.ServletTestExecutionListener@6744651f, org.springframework.test.context.support.DirtiesContextBeforeModesTestExecutionListener@176be888, org.springframework.test.context.event.ApplicationEventsTestExecutionListener@6b6948c, org.springframework.boot.test.mock.mockito.MockitoTestExecutionListener@38904680, org.springframework.boot.test.autoconfigure.SpringBootDependencyInjectionTestExecutionListener@7cb8b010, org.springframework.test.context.support.DirtiesContextTestExecutionListener@34df38a7, org.springframework.test.context.transaction.TransactionalTestExecutionListener@67fd844, org.springframework.test.context.jdbc.SqlScriptsTestExecutionListener@3c612a4d, org.springframework.test.context.event.EventPublishingTestExecutionListener@5e025e1, org.springframework.boot.test.autoconfigure.restdocs.RestDocsTestExecutionListener@48372ffa, org.springframework.boot.test.autoconfigure.web.client.MockRestServiceServerResetTestExecutionListener@30f26340, org.springframework.boot.test.autoconfigure.web.servlet.MockMvcPrintOnlyOnFailureTestExecutionListener@5f41451, org.springframework.boot.test.autoconfigure.web.servlet.WebDriverTestExecutionListener@1bff623, org.springframework.boot.test.autoconfigure.webservices.client.MockWebServiceServerTestExecutionListener@70065111, org.springframework.boot.test.mock.mockito.ResetMocksTestExecutionListener@534dd432]
18:04:49.908 [Test worker] DEBUG org.springframework.test.annotation.ProfileValueUtils - Retrieved @ProfileValueSourceConfiguration [null] for test class [com.oliver.book.springbootsample.domain.posts.PostRepositoryTest]
18:04:49.909 [Test worker] DEBUG org.springframework.test.annotation.ProfileValueUtils - Retrieved ProfileValueSource type [class org.springframework.test.annotation.SystemProfileValueSource] for class [com.oliver.book.springbootsample.domain.posts.PostRepositoryTest]
18:04:49.911 [Test worker] DEBUG org.springframework.test.annotation.ProfileValueUtils - Retrieved @ProfileValueSourceConfiguration [null] for test class [com.oliver.book.springbootsample.domain.posts.PostRepositoryTest]
18:04:49.911 [Test worker] DEBUG org.springframework.test.annotation.ProfileValueUtils - Retrieved ProfileValueSource type [class org.springframework.test.annotation.SystemProfileValueSource] for class [com.oliver.book.springbootsample.domain.posts.PostRepositoryTest]
18:04:49.914 [Test worker] DEBUG org.springframework.test.annotation.ProfileValueUtils - Retrieved @ProfileValueSourceConfiguration [null] for test class [com.oliver.book.springbootsample.domain.posts.PostRepositoryTest]
18:04:49.914 [Test worker] DEBUG org.springframework.test.annotation.ProfileValueUtils - Retrieved ProfileValueSource type [class org.springframework.test.annotation.SystemProfileValueSource] for class [com.oliver.book.springbootsample.domain.posts.PostRepositoryTest]
18:04:49.917 [Test worker] DEBUG org.springframework.test.annotation.ProfileValueUtils - Retrieved @ProfileValueSourceConfiguration [null] for test class [com.oliver.book.springbootsample.domain.posts.PostRepositoryTest]
18:04:49.918 [Test worker] DEBUG org.springframework.test.annotation.ProfileValueUtils - Retrieved ProfileValueSource type [class org.springframework.test.annotation.SystemProfileValueSource] for class [com.oliver.book.springbootsample.domain.posts.PostRepositoryTest]
18:04:49.919 [Test worker] DEBUG org.springframework.test.annotation.ProfileValueUtils - Retrieved @ProfileValueSourceConfiguration [null] for test class [com.oliver.book.springbootsample.domain.posts.PostRepositoryTest]
18:04:49.919 [Test worker] DEBUG org.springframework.test.annotation.ProfileValueUtils - Retrieved ProfileValueSource type [class org.springframework.test.annotation.SystemProfileValueSource] for class [com.oliver.book.springbootsample.domain.posts.PostRepositoryTest]
18:04:49.936 [Test worker] DEBUG org.springframework.test.context.support.AbstractDirtiesContextTestExecutionListener - Before test class: context [DefaultTestContext@36f1441a testClass = PostRepositoryTest, testInstance = [null], testMethod = [null], testException = [null], mergedContextConfiguration = [WebMergedContextConfiguration@7e1b8918 testClass = PostRepositoryTest, locations = '{}', classes = '{class com.oliver.book.springbootsample.Application}', contextInitializerClasses = '[]', activeProfiles = '{}', propertySourceLocations = '{}', propertySourceProperties = '{org.springframework.boot.test.context.SpringBootTestContextBootstrapper=true}', contextCustomizers = set[org.springframework.boot.test.autoconfigure.actuate.metrics.MetricsExportContextCustomizerFactory$DisableMetricExportContextCustomizer@b3ead32, org.springframework.boot.test.autoconfigure.properties.PropertyMappingContextCustomizer@0, org.springframework.boot.test.autoconfigure.web.servlet.WebDriverContextCustomizerFactory$Customizer@1523ba53, org.springframework.boot.test.context.filter.ExcludeFilterContextCustomizer@157e83ea, org.springframework.boot.test.json.DuplicateJsonObjectContextCustomizerFactory$DuplicateJsonObjectContextCustomizer@4b619122, org.springframework.boot.test.mock.mockito.MockitoContextCustomizer@0, org.springframework.boot.test.web.client.TestRestTemplateContextCustomizer@22e0068, org.springframework.boot.test.context.SpringBootTestArgs@1, org.springframework.boot.test.context.SpringBootTestWebEnvironment@520e8d3c], resourceBasePath = 'src/main/webapp', contextLoader = 'org.springframework.boot.test.context.SpringBootContextLoader', parent = [null]], attributes = map['org.springframework.test.context.web.ServletTestExecutionListener.activateListener' -> true]], class annotated with @DirtiesContext [false] with mode [null].
18:04:49.939 [Test worker] DEBUG org.springframework.test.annotation.ProfileValueUtils - Retrieved @ProfileValueSourceConfiguration [null] for test class [com.oliver.book.springbootsample.domain.posts.PostRepositoryTest]
18:04:49.940 [Test worker] DEBUG org.springframework.test.annotation.ProfileValueUtils - Retrieved ProfileValueSource type [class org.springframework.test.annotation.SystemProfileValueSource] for class [com.oliver.book.springbootsample.domain.posts.PostRepositoryTest]

  .   ____          _            __ _ _
 /\\ / ___'_ __ _ _(_)_ __  __ _ \ \ \ \
( ( )\___ | '_ | '_| | '_ \/ _` | \ \ \ \
 \\/  ___)| |_)| | | | | || (_| |  ) ) ) )
  '  |____| .__|_| |_|_| |_\__, | / / / /
 =========|_|==============|___/=/_/_/_/
 :: Spring Boot ::                (v2.6.3)

2022-02-21 18:04:50.465  INFO 5438 --- [    Test worker] c.o.b.s.domain.posts.PostRepositoryTest  : Starting PostRepositoryTest using Java 15.0.1 on iyeonghan-ui-MacBookPro.local with PID 5438 (started by iyeonghan in /Users/iyeonghan/Downloads/개인/AWS-Study/springBoot_AWS_WebService/springBootSample)
2022-02-21 18:04:50.467  INFO 5438 --- [    Test worker] c.o.b.s.domain.posts.PostRepositoryTest  : No active profile set, falling back to default profiles: default
2022-02-21 18:04:51.270  INFO 5438 --- [    Test worker] .s.d.r.c.RepositoryConfigurationDelegate : Bootstrapping Spring Data JPA repositories in DEFAULT mode.
2022-02-21 18:04:51.347  INFO 5438 --- [    Test worker] .s.d.r.c.RepositoryConfigurationDelegate : Finished Spring Data repository scanning in 64 ms. Found 1 JPA repository interfaces.
2022-02-21 18:04:51.837  INFO 5438 --- [    Test worker] com.zaxxer.hikari.HikariDataSource       : HikariPool-1 - Starting...
2022-02-21 18:04:52.031  INFO 5438 --- [    Test worker] com.zaxxer.hikari.HikariDataSource       : HikariPool-1 - Start completed.
2022-02-21 18:04:52.093  INFO 5438 --- [    Test worker] o.hibernate.jpa.internal.util.LogHelper  : HHH000204: Processing PersistenceUnitInfo [name: default]
2022-02-21 18:04:52.144  INFO 5438 --- [    Test worker] org.hibernate.Version                    : HHH000412: Hibernate ORM core version 5.6.4.Final
2022-02-21 18:04:52.365  INFO 5438 --- [    Test worker] o.hibernate.annotations.common.Version   : HCANN000001: Hibernate Commons Annotations {5.1.2.Final}
2022-02-21 18:04:52.467  INFO 5438 --- [    Test worker] org.hibernate.dialect.Dialect            : HHH000400: Using dialect: org.hibernate.dialect.MySQL57Dialect
Hibernate: drop table if exists posts
Hibernate: create table posts (id bigint not null auto_increment, author varchar(255), content varchar(500) not null, title TEXT not null, primary key (id)) engine=InnoDB
2022-02-21 18:04:52.980  INFO 5438 --- [    Test worker] o.h.e.t.j.p.i.JtaPlatformInitiator       : HHH000490: Using JtaPlatform implementation: [org.hibernate.engine.transaction.jta.platform.internal.NoJtaPlatform]
2022-02-21 18:04:52.988  INFO 5438 --- [    Test worker] j.LocalContainerEntityManagerFactoryBean : Initialized JPA EntityManagerFactory for persistence unit 'default'
2022-02-21 18:04:53.186  WARN 5438 --- [    Test worker] JpaBaseConfiguration$JpaWebConfiguration : spring.jpa.open-in-view is enabled by default. Therefore, database queries may be performed during view rendering. Explicitly configure spring.jpa.open-in-view to disable this warning
2022-02-21 18:04:53.885  INFO 5438 --- [    Test worker] c.o.b.s.domain.posts.PostRepositoryTest  : Started PostRepositoryTest in 3.914 seconds (JVM running for 5.109)
Hibernate: insert into posts (author, content, title) values (?, ?, ?)
Hibernate: select posts0_.id as id1_0_, posts0_.author as author2_0_, posts0_.content as content3_0_, posts0_.title as title4_0_ from posts posts0_
Hibernate: select posts0_.id as id1_0_, posts0_.author as author2_0_, posts0_.content as content3_0_, posts0_.title as title4_0_ from posts posts0_
Hibernate: delete from posts where id=?
]]></system-out>
  <system-err><![CDATA[]]></system-err>
</testsuite>
