<?xml version="1.0" encoding="UTF-8"?>
<testsuite name="com.oliver.book.springbootsample.web.IndexControllerTest" tests="1" skipped="0" failures="0" errors="0" timestamp="2022-03-03T05:28:18" hostname="iyeonghan-ui-MacBookPro.local" time="0.383">
  <properties/>
  <testcase name="메인페이지_로딩" classname="com.oliver.book.springbootsample.web.IndexControllerTest" time="0.383"/>
  <system-out><![CDATA[14:28:10.772 [Test worker] DEBUG org.springframework.test.context.junit4.SpringJUnit4ClassRunner - SpringJUnit4ClassRunner constructor called with [class com.oliver.book.springbootsample.web.IndexControllerTest]
14:28:10.784 [Test worker] DEBUG org.springframework.test.context.BootstrapUtils - Instantiating CacheAwareContextLoaderDelegate from class [org.springframework.test.context.cache.DefaultCacheAwareContextLoaderDelegate]
14:28:10.795 [Test worker] DEBUG org.springframework.test.context.BootstrapUtils - Instantiating BootstrapContext using constructor [public org.springframework.test.context.support.DefaultBootstrapContext(java.lang.Class,org.springframework.test.context.CacheAwareContextLoaderDelegate)]
14:28:10.853 [Test worker] DEBUG org.springframework.test.context.BootstrapUtils - Instantiating TestContextBootstrapper for test class [com.oliver.book.springbootsample.web.IndexControllerTest] from class [org.springframework.boot.test.context.SpringBootTestContextBootstrapper]
14:28:10.885 [Test worker] INFO org.springframework.boot.test.context.SpringBootTestContextBootstrapper - Neither @ContextConfiguration nor @ContextHierarchy found for test class [com.oliver.book.springbootsample.web.IndexControllerTest], using SpringBootContextLoader
14:28:10.894 [Test worker] DEBUG org.springframework.test.context.support.AbstractContextLoader - Did not detect default resource location for test class [com.oliver.book.springbootsample.web.IndexControllerTest]: class path resource [com/oliver/book/springbootsample/web/IndexControllerTest-context.xml] does not exist
14:28:10.895 [Test worker] DEBUG org.springframework.test.context.support.AbstractContextLoader - Did not detect default resource location for test class [com.oliver.book.springbootsample.web.IndexControllerTest]: class path resource [com/oliver/book/springbootsample/web/IndexControllerTestContext.groovy] does not exist
14:28:10.896 [Test worker] INFO org.springframework.test.context.support.AbstractContextLoader - Could not detect default resource locations for test class [com.oliver.book.springbootsample.web.IndexControllerTest]: no resource found for suffixes {-context.xml, Context.groovy}.
14:28:10.899 [Test worker] INFO org.springframework.test.context.support.AnnotationConfigContextLoaderUtils - Could not detect default configuration classes for test class [com.oliver.book.springbootsample.web.IndexControllerTest]: IndexControllerTest does not declare any static, non-private, non-final, nested classes annotated with @Configuration.
14:28:10.993 [Test worker] DEBUG org.springframework.test.context.support.ActiveProfilesUtils - Could not find an 'annotation declaring class' for annotation type [org.springframework.test.context.ActiveProfiles] and class [com.oliver.book.springbootsample.web.IndexControllerTest]
14:28:11.422 [Test worker] DEBUG org.springframework.context.annotation.ClassPathScanningCandidateComponentProvider - Identified candidate component class: file [/Users/iyeonghan/Downloads/개인/AWS-Study/springBoot_AWS_WebService/springBootSample/build/classes/java/main/com/oliver/book/springbootsample/Application.class]
14:28:11.423 [Test worker] INFO org.springframework.boot.test.context.SpringBootTestContextBootstrapper - Found @SpringBootConfiguration com.oliver.book.springbootsample.Application for test class com.oliver.book.springbootsample.web.IndexControllerTest
14:28:11.679 [Test worker] DEBUG org.springframework.boot.test.context.SpringBootTestContextBootstrapper - @TestExecutionListeners is not present for class [com.oliver.book.springbootsample.web.IndexControllerTest]: using defaults.
14:28:11.680 [Test worker] INFO org.springframework.boot.test.context.SpringBootTestContextBootstrapper - Loaded default TestExecutionListener class names from location [META-INF/spring.factories]: [org.springframework.boot.test.autoconfigure.restdocs.RestDocsTestExecutionListener, org.springframework.boot.test.autoconfigure.web.client.MockRestServiceServerResetTestExecutionListener, org.springframework.boot.test.autoconfigure.web.servlet.MockMvcPrintOnlyOnFailureTestExecutionListener, org.springframework.boot.test.autoconfigure.web.servlet.WebDriverTestExecutionListener, org.springframework.boot.test.autoconfigure.webservices.client.MockWebServiceServerTestExecutionListener, org.springframework.boot.test.mock.mockito.MockitoTestExecutionListener, org.springframework.boot.test.mock.mockito.ResetMocksTestExecutionListener, org.springframework.test.context.web.ServletTestExecutionListener, org.springframework.test.context.support.DirtiesContextBeforeModesTestExecutionListener, org.springframework.test.context.event.ApplicationEventsTestExecutionListener, org.springframework.test.context.support.DependencyInjectionTestExecutionListener, org.springframework.test.context.support.DirtiesContextTestExecutionListener, org.springframework.test.context.transaction.TransactionalTestExecutionListener, org.springframework.test.context.jdbc.SqlScriptsTestExecutionListener, org.springframework.test.context.event.EventPublishingTestExecutionListener]
14:28:11.727 [Test worker] INFO org.springframework.boot.test.context.SpringBootTestContextBootstrapper - Using TestExecutionListeners: [org.springframework.test.context.web.ServletTestExecutionListener@6b582e14, org.springframework.test.context.support.DirtiesContextBeforeModesTestExecutionListener@769c01cd, org.springframework.test.context.event.ApplicationEventsTestExecutionListener@237aab4, org.springframework.boot.test.mock.mockito.MockitoTestExecutionListener@aa989db, org.springframework.boot.test.autoconfigure.SpringBootDependencyInjectionTestExecutionListener@202b3e14, org.springframework.test.context.support.DirtiesContextTestExecutionListener@36afc1b5, org.springframework.test.context.transaction.TransactionalTestExecutionListener@972afde, org.springframework.test.context.jdbc.SqlScriptsTestExecutionListener@4f53087a, org.springframework.test.context.event.EventPublishingTestExecutionListener@36f1441a, org.springframework.boot.test.autoconfigure.restdocs.RestDocsTestExecutionListener@7e1b8918, org.springframework.boot.test.autoconfigure.web.client.MockRestServiceServerResetTestExecutionListener@620bd55a, org.springframework.boot.test.autoconfigure.web.servlet.MockMvcPrintOnlyOnFailureTestExecutionListener@35cc11b9, org.springframework.boot.test.autoconfigure.web.servlet.WebDriverTestExecutionListener@9a1428e, org.springframework.boot.test.autoconfigure.webservices.client.MockWebServiceServerTestExecutionListener@2b5059eb, org.springframework.boot.test.mock.mockito.ResetMocksTestExecutionListener@17cde8de]
14:28:11.730 [Test worker] DEBUG org.springframework.test.annotation.ProfileValueUtils - Retrieved @ProfileValueSourceConfiguration [null] for test class [com.oliver.book.springbootsample.web.IndexControllerTest]
14:28:11.731 [Test worker] DEBUG org.springframework.test.annotation.ProfileValueUtils - Retrieved ProfileValueSource type [class org.springframework.test.annotation.SystemProfileValueSource] for class [com.oliver.book.springbootsample.web.IndexControllerTest]
14:28:11.734 [Test worker] DEBUG org.springframework.test.annotation.ProfileValueUtils - Retrieved @ProfileValueSourceConfiguration [null] for test class [com.oliver.book.springbootsample.web.IndexControllerTest]
14:28:11.734 [Test worker] DEBUG org.springframework.test.annotation.ProfileValueUtils - Retrieved ProfileValueSource type [class org.springframework.test.annotation.SystemProfileValueSource] for class [com.oliver.book.springbootsample.web.IndexControllerTest]
14:28:11.742 [Test worker] DEBUG org.springframework.test.annotation.ProfileValueUtils - Retrieved @ProfileValueSourceConfiguration [null] for test class [com.oliver.book.springbootsample.web.IndexControllerTest]
14:28:11.742 [Test worker] DEBUG org.springframework.test.annotation.ProfileValueUtils - Retrieved ProfileValueSource type [class org.springframework.test.annotation.SystemProfileValueSource] for class [com.oliver.book.springbootsample.web.IndexControllerTest]
14:28:11.756 [Test worker] DEBUG org.springframework.test.annotation.ProfileValueUtils - Retrieved @ProfileValueSourceConfiguration [null] for test class [com.oliver.book.springbootsample.web.IndexControllerTest]
14:28:11.757 [Test worker] DEBUG org.springframework.test.annotation.ProfileValueUtils - Retrieved ProfileValueSource type [class org.springframework.test.annotation.SystemProfileValueSource] for class [com.oliver.book.springbootsample.web.IndexControllerTest]
14:28:11.757 [Test worker] DEBUG org.springframework.test.annotation.ProfileValueUtils - Retrieved @ProfileValueSourceConfiguration [null] for test class [com.oliver.book.springbootsample.web.IndexControllerTest]
14:28:11.757 [Test worker] DEBUG org.springframework.test.annotation.ProfileValueUtils - Retrieved ProfileValueSource type [class org.springframework.test.annotation.SystemProfileValueSource] for class [com.oliver.book.springbootsample.web.IndexControllerTest]
14:28:11.793 [Test worker] DEBUG org.springframework.test.context.support.AbstractDirtiesContextTestExecutionListener - Before test class: context [DefaultTestContext@3d2fc368 testClass = IndexControllerTest, testInstance = [null], testMethod = [null], testException = [null], mergedContextConfiguration = [WebMergedContextConfiguration@468a90ec testClass = IndexControllerTest, locations = '{}', classes = '{class com.oliver.book.springbootsample.Application}', contextInitializerClasses = '[]', activeProfiles = '{}', propertySourceLocations = '{}', propertySourceProperties = '{org.springframework.boot.test.context.SpringBootTestContextBootstrapper=true, server.port=0}', contextCustomizers = set[org.springframework.boot.test.autoconfigure.actuate.metrics.MetricsExportContextCustomizerFactory$DisableMetricExportContextCustomizer@6c59c6df, org.springframework.boot.test.autoconfigure.properties.PropertyMappingContextCustomizer@0, org.springframework.boot.test.autoconfigure.web.servlet.WebDriverContextCustomizerFactory$Customizer@7041fbc, org.springframework.boot.test.context.filter.ExcludeFilterContextCustomizer@43000c28, org.springframework.boot.test.json.DuplicateJsonObjectContextCustomizerFactory$DuplicateJsonObjectContextCustomizer@427b6e2e, org.springframework.boot.test.mock.mockito.MockitoContextCustomizer@0, org.springframework.boot.test.web.client.TestRestTemplateContextCustomizer@40d96250, org.springframework.boot.test.context.SpringBootTestArgs@1, org.springframework.boot.test.context.SpringBootTestWebEnvironment@377a3512], resourceBasePath = 'src/main/webapp', contextLoader = 'org.springframework.boot.test.context.SpringBootContextLoader', parent = [null]], attributes = map['org.springframework.test.context.web.ServletTestExecutionListener.activateListener' -> false]], class annotated with @DirtiesContext [false] with mode [null].
14:28:11.797 [Test worker] DEBUG org.springframework.test.annotation.ProfileValueUtils - Retrieved @ProfileValueSourceConfiguration [null] for test class [com.oliver.book.springbootsample.web.IndexControllerTest]
14:28:11.797 [Test worker] DEBUG org.springframework.test.annotation.ProfileValueUtils - Retrieved ProfileValueSource type [class org.springframework.test.annotation.SystemProfileValueSource] for class [com.oliver.book.springbootsample.web.IndexControllerTest]
14:28:11.820 [Test worker] DEBUG org.springframework.test.context.support.DependencyInjectionTestExecutionListener - Performing dependency injection for test context [[DefaultTestContext@3d2fc368 testClass = IndexControllerTest, testInstance = com.oliver.book.springbootsample.web.IndexControllerTest@1183e5ad, testMethod = [null], testException = [null], mergedContextConfiguration = [WebMergedContextConfiguration@468a90ec testClass = IndexControllerTest, locations = '{}', classes = '{class com.oliver.book.springbootsample.Application}', contextInitializerClasses = '[]', activeProfiles = '{}', propertySourceLocations = '{}', propertySourceProperties = '{org.springframework.boot.test.context.SpringBootTestContextBootstrapper=true, server.port=0}', contextCustomizers = set[org.springframework.boot.test.autoconfigure.actuate.metrics.MetricsExportContextCustomizerFactory$DisableMetricExportContextCustomizer@6c59c6df, org.springframework.boot.test.autoconfigure.properties.PropertyMappingContextCustomizer@0, org.springframework.boot.test.autoconfigure.web.servlet.WebDriverContextCustomizerFactory$Customizer@7041fbc, org.springframework.boot.test.context.filter.ExcludeFilterContextCustomizer@43000c28, org.springframework.boot.test.json.DuplicateJsonObjectContextCustomizerFactory$DuplicateJsonObjectContextCustomizer@427b6e2e, org.springframework.boot.test.mock.mockito.MockitoContextCustomizer@0, org.springframework.boot.test.web.client.TestRestTemplateContextCustomizer@40d96250, org.springframework.boot.test.context.SpringBootTestArgs@1, org.springframework.boot.test.context.SpringBootTestWebEnvironment@377a3512], resourceBasePath = 'src/main/webapp', contextLoader = 'org.springframework.boot.test.context.SpringBootContextLoader', parent = [null]], attributes = map['org.springframework.test.context.web.ServletTestExecutionListener.activateListener' -> false, 'org.springframework.test.context.event.ApplicationEventsTestExecutionListener.recordApplicationEvents' -> false]]].

  .   ____          _            __ _ _
 /\\ / ___'_ __ _ _(_)_ __  __ _ \ \ \ \
( ( )\___ | '_ | '_| | '_ \/ _` | \ \ \ \
 \\/  ___)| |_)| | | | | || (_| |  ) ) ) )
  '  |____| .__|_| |_|_| |_\__, | / / / /
 =========|_|==============|___/=/_/_/_/
 :: Spring Boot ::                (v2.6.3)

2022-03-03 14:28:12.916  INFO 4593 --- [    Test worker] c.o.b.s.web.IndexControllerTest          : Starting IndexControllerTest using Java 15.0.1 on iyeonghan-ui-MacBookPro.local with PID 4593 (started by iyeonghan in /Users/iyeonghan/Downloads/개인/AWS-Study/springBoot_AWS_WebService/springBootSample)
2022-03-03 14:28:12.923  INFO 4593 --- [    Test worker] c.o.b.s.web.IndexControllerTest          : No active profile set, falling back to default profiles: default
2022-03-03 14:28:14.460  INFO 4593 --- [    Test worker] .s.d.r.c.RepositoryConfigurationDelegate : Bootstrapping Spring Data JPA repositories in DEFAULT mode.
2022-03-03 14:28:14.520  INFO 4593 --- [    Test worker] .s.d.r.c.RepositoryConfigurationDelegate : Finished Spring Data repository scanning in 50 ms. Found 1 JPA repository interfaces.
2022-03-03 14:28:15.206  INFO 4593 --- [    Test worker] o.s.b.w.embedded.tomcat.TomcatWebServer  : Tomcat initialized with port(s): 0 (http)
2022-03-03 14:28:15.220  INFO 4593 --- [    Test worker] o.apache.catalina.core.StandardService   : Starting service [Tomcat]
2022-03-03 14:28:15.221  INFO 4593 --- [    Test worker] org.apache.catalina.core.StandardEngine  : Starting Servlet engine: [Apache Tomcat/9.0.56]
2022-03-03 14:28:15.329  INFO 4593 --- [    Test worker] o.a.c.c.C.[Tomcat].[localhost].[/]       : Initializing Spring embedded WebApplicationContext
2022-03-03 14:28:15.329  INFO 4593 --- [    Test worker] w.s.c.ServletWebServerApplicationContext : Root WebApplicationContext: initialization completed in 2342 ms
2022-03-03 14:28:15.384  INFO 4593 --- [    Test worker] com.zaxxer.hikari.HikariDataSource       : HikariPool-1 - Starting...
2022-03-03 14:28:15.588  INFO 4593 --- [    Test worker] com.zaxxer.hikari.HikariDataSource       : HikariPool-1 - Start completed.
2022-03-03 14:28:15.600  INFO 4593 --- [    Test worker] o.s.b.a.h2.H2ConsoleAutoConfiguration    : H2 console available at '/h2-console'. Database available at 'jdbc:h2:mem://localhost/~/tes  tdb'
2022-03-03 14:28:15.885  INFO 4593 --- [    Test worker] o.hibernate.jpa.internal.util.LogHelper  : HHH000204: Processing PersistenceUnitInfo [name: default]
2022-03-03 14:28:15.955  INFO 4593 --- [    Test worker] org.hibernate.Version                    : HHH000412: Hibernate ORM core version 5.6.4.Final
2022-03-03 14:28:16.202  INFO 4593 --- [    Test worker] o.hibernate.annotations.common.Version   : HCANN000001: Hibernate Commons Annotations {5.1.2.Final}
2022-03-03 14:28:16.372  INFO 4593 --- [    Test worker] org.hibernate.dialect.Dialect            : HHH000400: Using dialect: org.hibernate.dialect.MySQL57Dialect
Hibernate: drop table if exists posts
Hibernate: create table posts (id bigint not null auto_increment, created_date datetime(6), modified_date datetime(6), author varchar(255), content varchar(500) not null, title TEXT not null, primary key (id)) engine=InnoDB
2022-03-03 14:28:17.037  INFO 4593 --- [    Test worker] o.h.e.t.j.p.i.JtaPlatformInitiator       : HHH000490: Using JtaPlatform implementation: [org.hibernate.engine.transaction.jta.platform.internal.NoJtaPlatform]
2022-03-03 14:28:17.050  INFO 4593 --- [    Test worker] j.LocalContainerEntityManagerFactoryBean : Initialized JPA EntityManagerFactory for persistence unit 'default'
2022-03-03 14:28:17.394  WARN 4593 --- [    Test worker] JpaBaseConfiguration$JpaWebConfiguration : spring.jpa.open-in-view is enabled by default. Therefore, database queries may be performed during view rendering. Explicitly configure spring.jpa.open-in-view to disable this warning
2022-03-03 14:28:17.756  INFO 4593 --- [    Test worker] o.s.b.a.w.s.WelcomePageHandlerMapping    : Adding welcome page template: index
2022-03-03 14:28:18.022  INFO 4593 --- [    Test worker] o.s.b.w.embedded.tomcat.TomcatWebServer  : Tomcat started on port(s): 50087 (http) with context path ''
2022-03-03 14:28:18.035  INFO 4593 --- [    Test worker] c.o.b.s.web.IndexControllerTest          : Started IndexControllerTest in 6.153 seconds (JVM running for 7.993)
2022-03-03 14:28:18.332  INFO 4593 --- [o-auto-1-exec-1] o.a.c.c.C.[Tomcat].[localhost].[/]       : Initializing Spring DispatcherServlet 'dispatcherServlet'
2022-03-03 14:28:18.333  INFO 4593 --- [o-auto-1-exec-1] o.s.web.servlet.DispatcherServlet        : Initializing Servlet 'dispatcherServlet'
2022-03-03 14:28:18.334  INFO 4593 --- [o-auto-1-exec-1] o.s.web.servlet.DispatcherServlet        : Completed initialization in 1 ms
]]></system-out>
  <system-err><![CDATA[]]></system-err>
</testsuite>
